C51 COMPILER V8.02   MAIN                                                                  01/30/2024 15:37:02 PAGE 1   


C51 COMPILER V8.02, COMPILATION OF MODULE MAIN
OBJECT MODULE PLACED IN main.OBJ
COMPILER INVOKED BY: C:\Keil\C51\BIN\C51.EXE main.c BROWSE DEBUG OBJECTEXTEND

line level    source

   1          #include<reg51.h>
   2          #include"lcd.h"
   3          #define ADC_data P1
   4          sbit sc = P3^2;
   5          
   6          void convert(unsigned int x);
   7          
   8          void main()
   9          {
  10   1      //ADC_data = 0x00;
  11   1      lcd_begin();
  12   1      lcd_cmd(0x01);
  13   1      lcd_cmd(0x80);
  14   1      display("Welcome");
  15   1      delay(10);
  16   1              while(1)
  17   1              {
  18   2              lcd_cmd(0xc0);
  19   2              sc = 1; 
  20   2              delay(10);
  21   2              sc=0;
  22   2              convert(ADC_data);
  23   2              delay(1);       
  24   2              }
  25   1      }
  26          
  27          void convert(unsigned int x)
  28          {
  29   1       int d1,d2,d3;
  30   1       d3 = x%10;
  31   1       x = x/10;
  32   1       d2 = x%10;
  33   1       d1 = x/10;
  34   1      
  35   1       lcd_data(d1+48);
  36   1       lcd_data(d2+48);
  37   1       lcd_data(d3+48);
  38   1      }
  39          
  40          
  41          
  42          


MODULE INFORMATION:   STATIC OVERLAYABLE
   CODE SIZE        =    271    ----
   CONSTANT SIZE    =      8    ----
   XDATA SIZE       =   ----    ----
   PDATA SIZE       =   ----    ----
   DATA SIZE        =   ----       9
   IDATA SIZE       =   ----    ----
   BIT SIZE         =   ----    ----
END OF MODULE INFORMATION.


C51 COMPILATION COMPLETE.  0 WARNING(S),  0 ERROR(S)
